<?xml version="1.0" encoding="UTF-8"?>
<!-- Generated by org.testng.reporters.JUnitReportReporter -->
<testsuite hostname="Masum-MacBook-Pro.local" name="com.finvoices.test.XmlParserServiceTest" tests="2" failures="0" timestamp="26 Jan 2015 12:44:16 GMT" time="0.231" errors="0">
  <testcase name="testUploadXmlFile" time="0.006" classname="com.finvoices.test.XmlParserServiceTest"/>
  <testcase name="testParseXmlFile" time="0.225" classname="com.finvoices.test.XmlParserServiceTest"/>
</testsuite> <!-- com.finvoices.test.XmlParserServiceTest -->
